[02-Apr-2025 11:41:00 UTC] PHP Warning:  require(vendor/autoload.php): Failed to open stream: No such file or directory in /Users/loganluo/deepchat/Main/Chat.php on line 2
[02-Apr-2025 11:41:00 UTC] PHP Fatal error:  Uncaught Error: Failed opening required 'vendor/autoload.php' (include_path='.:/opt/homebrew/Cellar/php/8.4.5_1/share/php/pear') in /Users/loganluo/deepchat/Main/Chat.php:2
Stack trace:
#0 /Users/loganluo/deepchat/Main/chat_backend.php(10): require_once()
#1 {main}
  thrown in /Users/loganluo/deepchat/Main/Chat.php on line 2
[02-Apr-2025 11:41:02 UTC] PHP Warning:  require(vendor/autoload.php): Failed to open stream: No such file or directory in /Users/loganluo/deepchat/Main/Chat.php on line 2
[02-Apr-2025 11:41:02 UTC] PHP Fatal error:  Uncaught Error: Failed opening required 'vendor/autoload.php' (include_path='.:/opt/homebrew/Cellar/php/8.4.5_1/share/php/pear') in /Users/loganluo/deepchat/Main/Chat.php:2
Stack trace:
#0 /Users/loganluo/deepchat/Main/chat_backend.php(10): require_once()
#1 {main}
  thrown in /Users/loganluo/deepchat/Main/Chat.php on line 2
[02-Apr-2025 11:41:05 UTC] PHP Warning:  require(vendor/autoload.php): Failed to open stream: No such file or directory in /Users/loganluo/deepchat/Main/Chat.php on line 2
[02-Apr-2025 11:41:05 UTC] PHP Fatal error:  Uncaught Error: Failed opening required 'vendor/autoload.php' (include_path='.:/opt/homebrew/Cellar/php/8.4.5_1/share/php/pear') in /Users/loganluo/deepchat/Main/Chat.php:2
Stack trace:
#0 /Users/loganluo/deepchat/Main/chat_backend.php(10): require_once()
#1 {main}
  thrown in /Users/loganluo/deepchat/Main/Chat.php on line 2
[02-Apr-2025 11:45:01 UTC] PHP Warning:  require(vendor/autoload.php): Failed to open stream: No such file or directory in /Users/loganluo/deepchat/Main/Chat.php on line 2
[02-Apr-2025 11:45:01 UTC] PHP Fatal error:  Uncaught Error: Failed opening required 'vendor/autoload.php' (include_path='.:/opt/homebrew/Cellar/php/8.4.5_1/share/php/pear') in /Users/loganluo/deepchat/Main/Chat.php:2
Stack trace:
#0 /Users/loganluo/deepchat/Main/chat_backend.php(10): require_once()
#1 {main}
  thrown in /Users/loganluo/deepchat/Main/Chat.php on line 2
